This file contains any messages produced by compilers while
running configure, to aid debugging if configure makes a mistake.

It was created by VDIF2psrfits configure 1.0, which was
generated by GNU Autoconf 2.69.  Invocation command line was

  $ ./configure --with-cfitsio-include-dir=/home/kliu/Soft/include/

## --------- ##
## Platform. ##
## --------- ##

hostname = localhost.localdomain
uname -m = x86_64
uname -r = 3.10.0-327.13.1.el7.x86_64
uname -s = Linux
uname -v = #1 SMP Thu Mar 31 16:04:38 UTC 2016

/usr/bin/uname -p = x86_64
/bin/uname -X     = unknown

/bin/arch              = x86_64
/usr/bin/arch -k       = unknown
/usr/convex/getsysinfo = unknown
/usr/bin/hostinfo      = unknown
/bin/machine           = unknown
/usr/bin/oslevel       = unknown
/bin/universe          = unknown

PATH: /home/ipta2017/.local/opt/miniconda2/bin
PATH: /usr/local/bin
PATH: /usr/bin
PATH: /bin
PATH: /usr/local/sbin
PATH: /usr/sbin
PATH: /opt/pulsar/bin
PATH: /opt/pulsar/src/presto/bin
PATH: /home/ipta2017/.local/bin
PATH: /home/ipta2017/bin
PATH: /opt/pulsar/bin
PATH: /opt/pulsar/src/presto/bin


## ----------- ##
## Core tests. ##
## ----------- ##

configure:2501: checking for a BSD-compatible install
configure:2569: result: /usr/bin/install -c
configure:2580: checking whether build environment is sane
configure:2635: result: yes
configure:2786: checking for a thread-safe mkdir -p
configure:2825: result: /usr/bin/mkdir -p
configure:2832: checking for gawk
configure:2848: found /usr/bin/gawk
configure:2859: result: gawk
configure:2870: checking whether make sets $(MAKE)
configure:2892: result: yes
configure:2921: checking whether make supports nested variables
configure:2938: result: yes
configure:3035: checking for style of include used by make
configure:3063: result: GNU
configure:3134: checking for gcc
configure:3150: found /usr/bin/gcc
configure:3161: result: gcc
configure:3390: checking for C compiler version
configure:3399: gcc --version >&5
gcc (GCC) 4.8.5 20150623 (Red Hat 4.8.5-16)
Copyright (C) 2015 Free Software Foundation, Inc.
This is free software; see the source for copying conditions.  There is NO
warranty; not even for MERCHANTABILITY or FITNESS FOR A PARTICULAR PURPOSE.

configure:3410: $? = 0
configure:3399: gcc -v >&5
Using built-in specs.
COLLECT_GCC=gcc
COLLECT_LTO_WRAPPER=/usr/libexec/gcc/x86_64-redhat-linux/4.8.5/lto-wrapper
Target: x86_64-redhat-linux
Configured with: ../configure --prefix=/usr --mandir=/usr/share/man --infodir=/usr/share/info --with-bugurl=http://bugzilla.redhat.com/bugzilla --enable-bootstrap --enable-shared --enable-threads=posix --enable-checking=release --with-system-zlib --enable-__cxa_atexit --disable-libunwind-exceptions --enable-gnu-unique-object --enable-linker-build-id --with-linker-hash-style=gnu --enable-languages=c,c++,objc,obj-c++,java,fortran,ada,go,lto --enable-plugin --enable-initfini-array --disable-libgcj --with-isl=/builddir/build/BUILD/gcc-4.8.5-20150702/obj-x86_64-redhat-linux/isl-install --with-cloog=/builddir/build/BUILD/gcc-4.8.5-20150702/obj-x86_64-redhat-linux/cloog-install --enable-gnu-indirect-function --with-tune=generic --with-arch_32=x86-64 --build=x86_64-redhat-linux
Thread model: posix
gcc version 4.8.5 20150623 (Red Hat 4.8.5-16) (GCC) 
configure:3410: $? = 0
configure:3399: gcc -V >&5
gcc: error: unrecognized command line option '-V'
gcc: fatal error: no input files
compilation terminated.
configure:3410: $? = 4
configure:3399: gcc -qversion >&5
gcc: error: unrecognized command line option '-qversion'
gcc: fatal error: no input files
compilation terminated.
configure:3410: $? = 4
configure:3430: checking whether the C compiler works
configure:3452: gcc    conftest.c  >&5
configure:3456: $? = 0
configure:3504: result: yes
configure:3507: checking for C compiler default output file name
configure:3509: result: a.out
configure:3515: checking for suffix of executables
configure:3522: gcc -o conftest    conftest.c  >&5
configure:3526: $? = 0
configure:3548: result: 
configure:3570: checking whether we are cross compiling
configure:3578: gcc -o conftest    conftest.c  >&5
configure:3582: $? = 0
configure:3589: ./conftest
configure:3593: $? = 0
configure:3608: result: no
configure:3613: checking for suffix of object files
configure:3635: gcc -c   conftest.c >&5
configure:3639: $? = 0
configure:3660: result: o
configure:3664: checking whether we are using the GNU C compiler
configure:3683: gcc -c   conftest.c >&5
configure:3683: $? = 0
configure:3692: result: yes
configure:3701: checking whether gcc accepts -g
configure:3721: gcc -c -g  conftest.c >&5
configure:3721: $? = 0
configure:3762: result: yes
configure:3779: checking for gcc option to accept ISO C89
configure:3842: gcc  -c -g -O2  conftest.c >&5
configure:3842: $? = 0
configure:3855: result: none needed
configure:3877: checking dependency style of gcc
configure:3988: result: gcc3
configure:4053: checking for ar
configure:4069: found /usr/bin/ar
configure:4080: result: ar
configure:4106: checking the archiver (ar) interface
configure:4116: gcc -c -g -O2  conftest.c >&5
configure:4116: $? = 0
configure:4118: ar cru libconftest.a conftest.o >&5
configure:4121: $? = 0
configure:4144: result: ar
configure:4214: checking for gcc
configure:4241: result: gcc
configure:4470: checking for C compiler version
configure:4479: gcc --version >&5
gcc (GCC) 4.8.5 20150623 (Red Hat 4.8.5-16)
Copyright (C) 2015 Free Software Foundation, Inc.
This is free software; see the source for copying conditions.  There is NO
warranty; not even for MERCHANTABILITY or FITNESS FOR A PARTICULAR PURPOSE.

configure:4490: $? = 0
configure:4479: gcc -v >&5
Using built-in specs.
COLLECT_GCC=gcc
COLLECT_LTO_WRAPPER=/usr/libexec/gcc/x86_64-redhat-linux/4.8.5/lto-wrapper
Target: x86_64-redhat-linux
Configured with: ../configure --prefix=/usr --mandir=/usr/share/man --infodir=/usr/share/info --with-bugurl=http://bugzilla.redhat.com/bugzilla --enable-bootstrap --enable-shared --enable-threads=posix --enable-checking=release --with-system-zlib --enable-__cxa_atexit --disable-libunwind-exceptions --enable-gnu-unique-object --enable-linker-build-id --with-linker-hash-style=gnu --enable-languages=c,c++,objc,obj-c++,java,fortran,ada,go,lto --enable-plugin --enable-initfini-array --disable-libgcj --with-isl=/builddir/build/BUILD/gcc-4.8.5-20150702/obj-x86_64-redhat-linux/isl-install --with-cloog=/builddir/build/BUILD/gcc-4.8.5-20150702/obj-x86_64-redhat-linux/cloog-install --enable-gnu-indirect-function --with-tune=generic --with-arch_32=x86-64 --build=x86_64-redhat-linux
Thread model: posix
gcc version 4.8.5 20150623 (Red Hat 4.8.5-16) (GCC) 
configure:4490: $? = 0
configure:4479: gcc -V >&5
gcc: error: unrecognized command line option '-V'
gcc: fatal error: no input files
compilation terminated.
configure:4490: $? = 4
configure:4479: gcc -qversion >&5
gcc: error: unrecognized command line option '-qversion'
gcc: fatal error: no input files
compilation terminated.
configure:4490: $? = 4
configure:4494: checking whether we are using the GNU C compiler
configure:4522: result: yes
configure:4531: checking whether gcc accepts -g
configure:4592: result: yes
configure:4609: checking for gcc option to accept ISO C89
configure:4685: result: none needed
configure:4707: checking dependency style of gcc
configure:4818: result: gcc3
configure:4891: checking for g++
configure:4907: found /usr/bin/g++
configure:4918: result: g++
configure:4945: checking for C++ compiler version
configure:4954: g++ --version >&5
g++ (GCC) 4.8.5 20150623 (Red Hat 4.8.5-16)
Copyright (C) 2015 Free Software Foundation, Inc.
This is free software; see the source for copying conditions.  There is NO
warranty; not even for MERCHANTABILITY or FITNESS FOR A PARTICULAR PURPOSE.

configure:4965: $? = 0
configure:4954: g++ -v >&5
Using built-in specs.
COLLECT_GCC=g++
COLLECT_LTO_WRAPPER=/usr/libexec/gcc/x86_64-redhat-linux/4.8.5/lto-wrapper
Target: x86_64-redhat-linux
Configured with: ../configure --prefix=/usr --mandir=/usr/share/man --infodir=/usr/share/info --with-bugurl=http://bugzilla.redhat.com/bugzilla --enable-bootstrap --enable-shared --enable-threads=posix --enable-checking=release --with-system-zlib --enable-__cxa_atexit --disable-libunwind-exceptions --enable-gnu-unique-object --enable-linker-build-id --with-linker-hash-style=gnu --enable-languages=c,c++,objc,obj-c++,java,fortran,ada,go,lto --enable-plugin --enable-initfini-array --disable-libgcj --with-isl=/builddir/build/BUILD/gcc-4.8.5-20150702/obj-x86_64-redhat-linux/isl-install --with-cloog=/builddir/build/BUILD/gcc-4.8.5-20150702/obj-x86_64-redhat-linux/cloog-install --enable-gnu-indirect-function --with-tune=generic --with-arch_32=x86-64 --build=x86_64-redhat-linux
Thread model: posix
gcc version 4.8.5 20150623 (Red Hat 4.8.5-16) (GCC) 
configure:4965: $? = 0
configure:4954: g++ -V >&5
g++: error: unrecognized command line option '-V'
g++: fatal error: no input files
compilation terminated.
configure:4965: $? = 4
configure:4954: g++ -qversion >&5
g++: error: unrecognized command line option '-qversion'
g++: fatal error: no input files
compilation terminated.
configure:4965: $? = 4
configure:4969: checking whether we are using the GNU C++ compiler
configure:4988: g++ -c   conftest.cpp >&5
configure:4988: $? = 0
configure:4997: result: yes
configure:5006: checking whether g++ accepts -g
configure:5026: g++ -c -g  conftest.cpp >&5
configure:5026: $? = 0
configure:5067: result: yes
configure:5092: checking dependency style of g++
configure:5203: result: gcc3
configure:5271: checking for g77
configure:5301: result: no
configure:5271: checking for xlf
configure:5301: result: no
configure:5271: checking for f77
configure:5301: result: no
configure:5271: checking for frt
configure:5301: result: no
configure:5271: checking for pgf77
configure:5301: result: no
configure:5271: checking for cf77
configure:5301: result: no
configure:5271: checking for fort77
configure:5301: result: no
configure:5271: checking for fl32
configure:5301: result: no
configure:5271: checking for af77
configure:5301: result: no
configure:5271: checking for xlf90
configure:5301: result: no
configure:5271: checking for f90
configure:5301: result: no
configure:5271: checking for pgf90
configure:5301: result: no
configure:5271: checking for pghpf
configure:5301: result: no
configure:5271: checking for epcf90
configure:5301: result: no
configure:5271: checking for gfortran
configure:5287: found /usr/bin/gfortran
configure:5298: result: gfortran
configure:5324: checking for Fortran 77 compiler version
configure:5333: gfortran --version >&5
GNU Fortran (GCC) 4.8.5 20150623 (Red Hat 4.8.5-16)
Copyright (C) 2015 Free Software Foundation, Inc.

GNU Fortran comes with NO WARRANTY, to the extent permitted by law.
You may redistribute copies of GNU Fortran
under the terms of the GNU General Public License.
For more information about these matters, see the file named COPYING

configure:5344: $? = 0
configure:5333: gfortran -v >&5
Using built-in specs.
COLLECT_GCC=gfortran
COLLECT_LTO_WRAPPER=/usr/libexec/gcc/x86_64-redhat-linux/4.8.5/lto-wrapper
Target: x86_64-redhat-linux
Configured with: ../configure --prefix=/usr --mandir=/usr/share/man --infodir=/usr/share/info --with-bugurl=http://bugzilla.redhat.com/bugzilla --enable-bootstrap --enable-shared --enable-threads=posix --enable-checking=release --with-system-zlib --enable-__cxa_atexit --disable-libunwind-exceptions --enable-gnu-unique-object --enable-linker-build-id --with-linker-hash-style=gnu --enable-languages=c,c++,objc,obj-c++,java,fortran,ada,go,lto --enable-plugin --enable-initfini-array --disable-libgcj --with-isl=/builddir/build/BUILD/gcc-4.8.5-20150702/obj-x86_64-redhat-linux/isl-install --with-cloog=/builddir/build/BUILD/gcc-4.8.5-20150702/obj-x86_64-redhat-linux/cloog-install --enable-gnu-indirect-function --with-tune=generic --with-arch_32=x86-64 --build=x86_64-redhat-linux
Thread model: posix
gcc version 4.8.5 20150623 (Red Hat 4.8.5-16) (GCC) 
configure:5344: $? = 0
configure:5333: gfortran -V >&5
gfortran: error: unrecognized command line option '-V'
gfortran: fatal error: no input files
compilation terminated.
configure:5344: $? = 4
configure:5333: gfortran -qversion >&5
gfortran: error: unrecognized command line option '-qversion'
gfortran: fatal error: no input files
compilation terminated.
configure:5344: $? = 4
configure:5353: checking whether we are using the GNU Fortran 77 compiler
configure:5366: gfortran -c  conftest.F >&5
configure:5366: $? = 0
configure:5375: result: yes
configure:5381: checking whether gfortran accepts -g
configure:5392: gfortran -c -g conftest.f >&5
configure:5392: $? = 0
configure:5400: result: yes
configure:5482: checking for gfortran
configure:5498: found /usr/bin/gfortran
configure:5509: result: gfortran
configure:5535: checking for Fortran compiler version
configure:5544: gfortran --version >&5
GNU Fortran (GCC) 4.8.5 20150623 (Red Hat 4.8.5-16)
Copyright (C) 2015 Free Software Foundation, Inc.

GNU Fortran comes with NO WARRANTY, to the extent permitted by law.
You may redistribute copies of GNU Fortran
under the terms of the GNU General Public License.
For more information about these matters, see the file named COPYING

configure:5555: $? = 0
configure:5544: gfortran -v >&5
Using built-in specs.
COLLECT_GCC=gfortran
COLLECT_LTO_WRAPPER=/usr/libexec/gcc/x86_64-redhat-linux/4.8.5/lto-wrapper
Target: x86_64-redhat-linux
Configured with: ../configure --prefix=/usr --mandir=/usr/share/man --infodir=/usr/share/info --with-bugurl=http://bugzilla.redhat.com/bugzilla --enable-bootstrap --enable-shared --enable-threads=posix --enable-checking=release --with-system-zlib --enable-__cxa_atexit --disable-libunwind-exceptions --enable-gnu-unique-object --enable-linker-build-id --with-linker-hash-style=gnu --enable-languages=c,c++,objc,obj-c++,java,fortran,ada,go,lto --enable-plugin --enable-initfini-array --disable-libgcj --with-isl=/builddir/build/BUILD/gcc-4.8.5-20150702/obj-x86_64-redhat-linux/isl-install --with-cloog=/builddir/build/BUILD/gcc-4.8.5-20150702/obj-x86_64-redhat-linux/cloog-install --enable-gnu-indirect-function --with-tune=generic --with-arch_32=x86-64 --build=x86_64-redhat-linux
Thread model: posix
gcc version 4.8.5 20150623 (Red Hat 4.8.5-16) (GCC) 
configure:5555: $? = 0
configure:5544: gfortran -V >&5
gfortran: error: unrecognized command line option '-V'
gfortran: fatal error: no input files
compilation terminated.
configure:5555: $? = 4
configure:5544: gfortran -qversion >&5
gfortran: error: unrecognized command line option '-qversion'
gfortran: fatal error: no input files
compilation terminated.
configure:5555: $? = 4
configure:5564: checking whether we are using the GNU Fortran compiler
configure:5577: gfortran -c   conftest.F >&5
configure:5577: $? = 0
configure:5586: result: yes
configure:5592: checking whether gfortran accepts -g
configure:5603: gfortran -c -g  conftest.f >&5
configure:5603: $? = 0
configure:5611: result: yes
configure:5644: checking whether gfortran understands -c and -o together
configure:5662: gfortran -g -O2 -c conftest.f -o conftest2.o >&5
configure:5666: $? = 0
configure:5673: gfortran -g -O2 -c conftest.f -o conftest2.o >&5
configure:5677: $? = 0
configure:5685: result: yes
configure:5730: checking build system type
configure:5744: result: x86_64-unknown-linux-gnu
configure:5764: checking host system type
configure:5777: result: x86_64-unknown-linux-gnu
configure:5818: checking how to print strings
configure:5845: result: printf
configure:5866: checking for a sed that does not truncate output
configure:5930: result: /usr/bin/sed
configure:5948: checking for grep that handles long lines and -e
configure:6006: result: /usr/bin/grep
configure:6011: checking for egrep
configure:6073: result: /usr/bin/grep -E
configure:6078: checking for fgrep
configure:6140: result: /usr/bin/grep -F
configure:6175: checking for ld used by gcc
configure:6242: result: /usr/bin/ld
configure:6249: checking if the linker (/usr/bin/ld) is GNU ld
configure:6264: result: yes
configure:6276: checking for BSD- or MS-compatible name lister (nm)
configure:6325: result: /usr/bin/nm -B
configure:6455: checking the name lister (/usr/bin/nm -B) interface
configure:6462: gcc -c -g -O2  conftest.c >&5
configure:6465: /usr/bin/nm -B "conftest.o"
configure:6468: output
0000000000000000 B some_variable
configure:6475: result: BSD nm
configure:6478: checking whether ln -s works
configure:6482: result: yes
configure:6490: checking the maximum length of command line arguments
configure:6620: result: 1572864
configure:6637: checking whether the shell understands some XSI constructs
configure:6647: result: yes
configure:6651: checking whether the shell understands "+="
configure:6657: result: yes
configure:6692: checking how to convert x86_64-unknown-linux-gnu file names to x86_64-unknown-linux-gnu format
configure:6732: result: func_convert_file_noop
configure:6739: checking how to convert x86_64-unknown-linux-gnu file names to toolchain format
configure:6759: result: func_convert_file_noop
configure:6766: checking for /usr/bin/ld option to reload object files
configure:6773: result: -r
configure:6847: checking for objdump
configure:6863: found /usr/bin/objdump
configure:6874: result: objdump
configure:6906: checking how to recognize dependent libraries
configure:7108: result: pass_all
configure:7193: checking for dlltool
configure:7223: result: no
configure:7253: checking how to associate runtime and link libraries
configure:7280: result: printf %s\n
configure:7404: checking for archiver @FILE support
configure:7421: gcc -c -g -O2  conftest.c >&5
configure:7421: $? = 0
configure:7424: ar cru libconftest.a @conftest.lst >&5
configure:7427: $? = 0
configure:7432: ar cru libconftest.a @conftest.lst >&5
ar: conftest.o: No such file or directory
configure:7435: $? = 1
configure:7447: result: @
configure:7505: checking for strip
configure:7521: found /usr/bin/strip
configure:7532: result: strip
configure:7604: checking for ranlib
configure:7620: found /usr/bin/ranlib
configure:7631: result: ranlib
configure:7733: checking command to parse /usr/bin/nm -B output from gcc object
configure:7853: gcc -c -g -O2  conftest.c >&5
configure:7856: $? = 0
configure:7860: /usr/bin/nm -B conftest.o \| sed -n -e 's/^.*[ ]\([ABCDGIRSTW][ABCDGIRSTW]*\)[ ][ ]*\([_A-Za-z][_A-Za-z0-9]*\)$/\1 \2 \2/p' | sed '/ __gnu_lto/d' \> conftest.nm
configure:7863: $? = 0
configure:7929: gcc -o conftest -g -O2   conftest.c conftstm.o >&5
configure:7932: $? = 0
configure:7970: result: ok
configure:8007: checking for sysroot
configure:8037: result: no
configure:8114: gcc -c -g -O2  conftest.c >&5
configure:8117: $? = 0
configure:8293: checking for mt
configure:8323: result: no
configure:8343: checking if : is a manifest tool
configure:8349: : '-?'
configure:8357: result: no
configure:8999: checking how to run the C preprocessor
configure:9030: gcc -E  conftest.c
configure:9030: $? = 0
configure:9044: gcc -E  conftest.c
conftest.c:11:28: fatal error: ac_nonexistent.h: No such file or directory
 #include <ac_nonexistent.h>
                            ^
compilation terminated.
configure:9044: $? = 1
configure: failed program was:
| /* confdefs.h */
| #define PACKAGE_NAME "VDIF2psrfits"
| #define PACKAGE_TARNAME "vdif2psrfits"
| #define PACKAGE_VERSION "1.0"
| #define PACKAGE_STRING "VDIF2psrfits 1.0"
| #define PACKAGE_BUGREPORT "kliu@mpifr-bonn.mpg.de"
| #define PACKAGE_URL ""
| #define PACKAGE "vdif2psrfits"
| #define VERSION "1.0"
| /* end confdefs.h.  */
| #include <ac_nonexistent.h>
configure:9069: result: gcc -E
configure:9089: gcc -E  conftest.c
configure:9089: $? = 0
configure:9103: gcc -E  conftest.c
conftest.c:11:28: fatal error: ac_nonexistent.h: No such file or directory
 #include <ac_nonexistent.h>
                            ^
compilation terminated.
configure:9103: $? = 1
configure: failed program was:
| /* confdefs.h */
| #define PACKAGE_NAME "VDIF2psrfits"
| #define PACKAGE_TARNAME "vdif2psrfits"
| #define PACKAGE_VERSION "1.0"
| #define PACKAGE_STRING "VDIF2psrfits 1.0"
| #define PACKAGE_BUGREPORT "kliu@mpifr-bonn.mpg.de"
| #define PACKAGE_URL ""
| #define PACKAGE "vdif2psrfits"
| #define VERSION "1.0"
| /* end confdefs.h.  */
| #include <ac_nonexistent.h>
configure:9132: checking for ANSI C header files
configure:9152: gcc -c -g -O2  conftest.c >&5
configure:9152: $? = 0
configure:9225: gcc -o conftest -g -O2   conftest.c  >&5
configure:9225: $? = 0
configure:9225: ./conftest
configure:9225: $? = 0
configure:9236: result: yes
configure:9249: checking for sys/types.h
configure:9249: gcc -c -g -O2  conftest.c >&5
configure:9249: $? = 0
configure:9249: result: yes
configure:9249: checking for sys/stat.h
configure:9249: gcc -c -g -O2  conftest.c >&5
configure:9249: $? = 0
configure:9249: result: yes
configure:9249: checking for stdlib.h
configure:9249: gcc -c -g -O2  conftest.c >&5
configure:9249: $? = 0
configure:9249: result: yes
configure:9249: checking for string.h
configure:9249: gcc -c -g -O2  conftest.c >&5
configure:9249: $? = 0
configure:9249: result: yes
configure:9249: checking for memory.h
configure:9249: gcc -c -g -O2  conftest.c >&5
configure:9249: $? = 0
configure:9249: result: yes
configure:9249: checking for strings.h
configure:9249: gcc -c -g -O2  conftest.c >&5
configure:9249: $? = 0
configure:9249: result: yes
configure:9249: checking for inttypes.h
configure:9249: gcc -c -g -O2  conftest.c >&5
configure:9249: $? = 0
configure:9249: result: yes
configure:9249: checking for stdint.h
configure:9249: gcc -c -g -O2  conftest.c >&5
configure:9249: $? = 0
configure:9249: result: yes
configure:9249: checking for unistd.h
configure:9249: gcc -c -g -O2  conftest.c >&5
configure:9249: $? = 0
configure:9249: result: yes
configure:9263: checking for dlfcn.h
configure:9263: gcc -c -g -O2  conftest.c >&5
configure:9263: $? = 0
configure:9263: result: yes
configure:9482: checking for objdir
configure:9497: result: .libs
configure:9768: checking if gcc supports -fno-rtti -fno-exceptions
configure:9786: gcc -c -g -O2  -fno-rtti -fno-exceptions conftest.c >&5
cc1: warning: command line option '-fno-rtti' is valid for C++/ObjC++ but not for C [enabled by default]
configure:9790: $? = 0
configure:9803: result: no
configure:10130: checking for gcc option to produce PIC
configure:10137: result: -fPIC -DPIC
configure:10145: checking if gcc PIC flag -fPIC -DPIC works
configure:10163: gcc -c -g -O2  -fPIC -DPIC -DPIC conftest.c >&5
configure:10167: $? = 0
configure:10180: result: yes
configure:10209: checking if gcc static flag -static works
configure:10237: result: no
configure:10252: checking if gcc supports -c -o file.o
configure:10273: gcc -c -g -O2  -o out/conftest2.o conftest.c >&5
configure:10277: $? = 0
configure:10299: result: yes
configure:10307: checking if gcc supports -c -o file.o
configure:10354: result: yes
configure:10387: checking whether the gcc linker (/usr/bin/ld -m elf_x86_64) supports shared libraries
configure:11540: result: yes
configure:11577: checking whether -lc should be explicitly linked in
configure:11585: gcc -c -g -O2  conftest.c >&5
configure:11588: $? = 0
configure:11603: gcc -shared  -fPIC -DPIC conftest.o  -v -Wl,-soname -Wl,conftest -o conftest 2\>\&1 \| /usr/bin/grep  -lc  \>/dev/null 2\>\&1
configure:11606: $? = 0
configure:11620: result: no
configure:11780: checking dynamic linker characteristics
configure:12291: gcc -o conftest -g -O2   -Wl,-rpath -Wl,/foo conftest.c  >&5
configure:12291: $? = 0
configure:12517: result: GNU/Linux ld.so
configure:12624: checking how to hardcode library paths into programs
configure:12649: result: immediate
configure:13189: checking whether stripping libraries is possible
configure:13194: result: yes
configure:13229: checking if libtool supports shared libraries
configure:13231: result: yes
configure:13234: checking whether to build shared libraries
configure:13255: result: yes
configure:13258: checking whether to build static libraries
configure:13262: result: yes
configure:13285: checking how to run the C++ preprocessor
configure:13312: g++ -E  conftest.cpp
configure:13312: $? = 0
configure:13326: g++ -E  conftest.cpp
conftest.cpp:23:28: fatal error: ac_nonexistent.h: No such file or directory
 #include <ac_nonexistent.h>
                            ^
compilation terminated.
configure:13326: $? = 1
configure: failed program was:
| /* confdefs.h */
| #define PACKAGE_NAME "VDIF2psrfits"
| #define PACKAGE_TARNAME "vdif2psrfits"
| #define PACKAGE_VERSION "1.0"
| #define PACKAGE_STRING "VDIF2psrfits 1.0"
| #define PACKAGE_BUGREPORT "kliu@mpifr-bonn.mpg.de"
| #define PACKAGE_URL ""
| #define PACKAGE "vdif2psrfits"
| #define VERSION "1.0"
| #define STDC_HEADERS 1
| #define HAVE_SYS_TYPES_H 1
| #define HAVE_SYS_STAT_H 1
| #define HAVE_STDLIB_H 1
| #define HAVE_STRING_H 1
| #define HAVE_MEMORY_H 1
| #define HAVE_STRINGS_H 1
| #define HAVE_INTTYPES_H 1
| #define HAVE_STDINT_H 1
| #define HAVE_UNISTD_H 1
| #define HAVE_DLFCN_H 1
| #define LT_OBJDIR ".libs/"
| /* end confdefs.h.  */
| #include <ac_nonexistent.h>
configure:13351: result: g++ -E
configure:13371: g++ -E  conftest.cpp
configure:13371: $? = 0
configure:13385: g++ -E  conftest.cpp
conftest.cpp:23:28: fatal error: ac_nonexistent.h: No such file or directory
 #include <ac_nonexistent.h>
                            ^
compilation terminated.
configure:13385: $? = 1
configure: failed program was:
| /* confdefs.h */
| #define PACKAGE_NAME "VDIF2psrfits"
| #define PACKAGE_TARNAME "vdif2psrfits"
| #define PACKAGE_VERSION "1.0"
| #define PACKAGE_STRING "VDIF2psrfits 1.0"
| #define PACKAGE_BUGREPORT "kliu@mpifr-bonn.mpg.de"
| #define PACKAGE_URL ""
| #define PACKAGE "vdif2psrfits"
| #define VERSION "1.0"
| #define STDC_HEADERS 1
| #define HAVE_SYS_TYPES_H 1
| #define HAVE_SYS_STAT_H 1
| #define HAVE_STDLIB_H 1
| #define HAVE_STRING_H 1
| #define HAVE_MEMORY_H 1
| #define HAVE_STRINGS_H 1
| #define HAVE_INTTYPES_H 1
| #define HAVE_STDINT_H 1
| #define HAVE_UNISTD_H 1
| #define HAVE_DLFCN_H 1
| #define LT_OBJDIR ".libs/"
| /* end confdefs.h.  */
| #include <ac_nonexistent.h>
configure:13554: checking for ld used by g++
configure:13621: result: /usr/bin/ld -m elf_x86_64
configure:13628: checking if the linker (/usr/bin/ld -m elf_x86_64) is GNU ld
configure:13643: result: yes
configure:13698: checking whether the g++ linker (/usr/bin/ld -m elf_x86_64) supports shared libraries
configure:14703: result: yes
configure:14739: g++ -c -g -O2  conftest.cpp >&5
configure:14742: $? = 0
configure:15262: checking for g++ option to produce PIC
configure:15269: result: -fPIC -DPIC
configure:15277: checking if g++ PIC flag -fPIC -DPIC works
configure:15295: g++ -c -g -O2  -fPIC -DPIC -DPIC conftest.cpp >&5
configure:15299: $? = 0
configure:15312: result: yes
configure:15335: checking if g++ static flag -static works
configure:15363: result: no
configure:15375: checking if g++ supports -c -o file.o
configure:15396: g++ -c -g -O2  -o out/conftest2.o conftest.cpp >&5
configure:15400: $? = 0
configure:15422: result: yes
configure:15427: checking if g++ supports -c -o file.o
configure:15474: result: yes
configure:15504: checking whether the g++ linker (/usr/bin/ld -m elf_x86_64) supports shared libraries
configure:15540: result: yes
configure:15681: checking dynamic linker characteristics
configure:16352: result: GNU/Linux ld.so
configure:16405: checking how to hardcode library paths into programs
configure:16430: result: immediate
configure:16578: checking if libtool supports shared libraries
configure:16580: result: yes
configure:16583: checking whether to build shared libraries
configure:16603: result: yes
configure:16606: checking whether to build static libraries
configure:16610: result: yes
configure:16931: checking for gfortran option to produce PIC
configure:16938: result: -fPIC
configure:16946: checking if gfortran PIC flag -fPIC works
configure:16964: gfortran -c -g -O2 -fPIC conftest.f >&5
configure:16968: $? = 0
configure:16981: result: yes
configure:17004: checking if gfortran static flag -static works
configure:17032: result: no
configure:17044: checking if gfortran supports -c -o file.o
configure:17065: gfortran -c -g -O2 -o out/conftest2.o conftest.f >&5
configure:17069: $? = 0
configure:17091: result: yes
configure:17096: checking if gfortran supports -c -o file.o
configure:17143: result: yes
configure:17173: checking whether the gfortran linker (/usr/bin/ld -m elf_x86_64) supports shared libraries
configure:18276: result: yes
configure:18417: checking dynamic linker characteristics
configure:19082: result: GNU/Linux ld.so
configure:19135: checking how to hardcode library paths into programs
configure:19160: result: immediate
configure:19304: checking if libtool supports shared libraries
configure:19306: result: yes
configure:19309: checking whether to build shared libraries
configure:19329: result: yes
configure:19332: checking whether to build static libraries
configure:19336: result: yes
configure:19370: gfortran -c -g -O2  conftest.f >&5
configure:19373: $? = 0
configure:19802: checking for gfortran option to produce PIC
configure:19809: result: -fPIC
configure:19817: checking if gfortran PIC flag -fPIC works
configure:19835: gfortran -c -g -O2 -fPIC  conftest.f >&5
configure:19839: $? = 0
configure:19852: result: yes
configure:19875: checking if gfortran static flag -static works
configure:19903: result: no
configure:19915: checking if gfortran supports -c -o file.o
configure:19936: gfortran -c -g -O2 -o out/conftest2.o  conftest.f >&5
configure:19940: $? = 0
configure:19962: result: yes
configure:19967: checking if gfortran supports -c -o file.o
configure:20014: result: yes
configure:20044: checking whether the gfortran linker (/usr/bin/ld -m elf_x86_64) supports shared libraries
configure:21147: result: yes
configure:21288: checking dynamic linker characteristics
configure:21953: result: GNU/Linux ld.so
configure:22006: checking how to hardcode library paths into programs
configure:22031: result: immediate
configure:22082: checking for cos in -lm
configure:22107: gcc -o conftest -g -O2   conftest.c -lm   >&5
conftest.c:30:6: warning: conflicting types for built-in function 'cos' [enabled by default]
 char cos ();
      ^
configure:22107: $? = 0
configure:22116: result: yes
configure:22192: checking for single-precision FFTW-3 library
configure:22241: gcc -c -I. -g -O2  conftest.c >&5
configure:22241: $? = 0
configure:22323: gcc -o conftest  -g -O2   conftest.c -L. -lfftw3f -lm  >&5
configure:22323: $? = 0
configure:22350: result: yes
configure:22376: checking for libraries containing socket functions
configure:22404: gcc -o conftest -g -O2   conftest.c -lm  >&5
configure:22404: $? = 0
configure:22479: result: -lc
configure:22559: checking for CFITSIO installation
configure:22608: gcc -c -I/home/kliu/Soft/include/ -g -O2  conftest.c >&5
configure:22608: $? = 0
configure:22689: gcc -o conftest -I/home/kliu/Soft/include/ -g -O2   conftest.c -L/home/kliu/Soft/lib -lcfitsio -lpthread -lm  -lm  >&5
configure:22689: $? = 0
configure:22713: result: yes
configure:22856: checking that generated files are newer than configure
configure:22862: result: done
configure:22901: creating ./config.status

## ---------------------- ##
## Running config.status. ##
## ---------------------- ##

This file was extended by VDIF2psrfits config.status 1.0, which was
generated by GNU Autoconf 2.69.  Invocation command line was

  CONFIG_FILES    = 
  CONFIG_HEADERS  = 
  CONFIG_LINKS    = 
  CONFIG_COMMANDS = 
  $ ./config.status 

on localhost.localdomain

config.status:1267: creating Makefile
config.status:1267: creating config.h
config.status:1448: config.h is unchanged
config.status:1496: executing depfiles commands
config.status:1496: executing libtool commands

## ---------------- ##
## Cache variables. ##
## ---------------- ##

ac_cv_build=x86_64-unknown-linux-gnu
ac_cv_c_compiler_gnu=yes
ac_cv_cxx_compiler_gnu=yes
ac_cv_env_CCC_set=
ac_cv_env_CCC_value=
ac_cv_env_CC_set=
ac_cv_env_CC_value=
ac_cv_env_CFLAGS_set=
ac_cv_env_CFLAGS_value=
ac_cv_env_CPPFLAGS_set=
ac_cv_env_CPPFLAGS_value=
ac_cv_env_CPP_set=
ac_cv_env_CPP_value=
ac_cv_env_CXXCPP_set=
ac_cv_env_CXXCPP_value=
ac_cv_env_CXXFLAGS_set=
ac_cv_env_CXXFLAGS_value=
ac_cv_env_CXX_set=
ac_cv_env_CXX_value=
ac_cv_env_F77_set=
ac_cv_env_F77_value=
ac_cv_env_FCFLAGS_set=
ac_cv_env_FCFLAGS_value=
ac_cv_env_FC_set=
ac_cv_env_FC_value=
ac_cv_env_FFLAGS_set=
ac_cv_env_FFLAGS_value=
ac_cv_env_LDFLAGS_set=
ac_cv_env_LDFLAGS_value=
ac_cv_env_LIBS_set=
ac_cv_env_LIBS_value=
ac_cv_env_build_alias_set=
ac_cv_env_build_alias_value=
ac_cv_env_host_alias_set=
ac_cv_env_host_alias_value=
ac_cv_env_target_alias_set=
ac_cv_env_target_alias_value=
ac_cv_f77_compiler_gnu=yes
ac_cv_fc_compiler_gnu=yes
ac_cv_header_dlfcn_h=yes
ac_cv_header_inttypes_h=yes
ac_cv_header_memory_h=yes
ac_cv_header_stdc=yes
ac_cv_header_stdint_h=yes
ac_cv_header_stdlib_h=yes
ac_cv_header_string_h=yes
ac_cv_header_strings_h=yes
ac_cv_header_sys_stat_h=yes
ac_cv_header_sys_types_h=yes
ac_cv_header_unistd_h=yes
ac_cv_host=x86_64-unknown-linux-gnu
ac_cv_lib_m_cos=yes
ac_cv_objext=o
ac_cv_path_EGREP='/usr/bin/grep -E'
ac_cv_path_FGREP='/usr/bin/grep -F'
ac_cv_path_GREP=/usr/bin/grep
ac_cv_path_SED=/usr/bin/sed
ac_cv_path_install='/usr/bin/install -c'
ac_cv_path_mkdir=/usr/bin/mkdir
ac_cv_prog_AWK=gawk
ac_cv_prog_CPP='gcc -E'
ac_cv_prog_CXXCPP='g++ -E'
ac_cv_prog_ac_ct_AR=ar
ac_cv_prog_ac_ct_CC=gcc
ac_cv_prog_ac_ct_CXX=g++
ac_cv_prog_ac_ct_F77=gfortran
ac_cv_prog_ac_ct_FC=gfortran
ac_cv_prog_ac_ct_OBJDUMP=objdump
ac_cv_prog_ac_ct_RANLIB=ranlib
ac_cv_prog_ac_ct_STRIP=strip
ac_cv_prog_cc_c89=
ac_cv_prog_cc_g=yes
ac_cv_prog_cxx_g=yes
ac_cv_prog_f77_c_o=yes
ac_cv_prog_f77_g=yes
ac_cv_prog_fc_g=yes
ac_cv_prog_make_make_set=yes
ac_cv_socket_libs=-lc
am_cv_CC_dependencies_compiler_type=gcc3
am_cv_CXX_dependencies_compiler_type=gcc3
am_cv_ar_interface=ar
am_cv_make_support_nested_variables=yes
lt_cv_ar_at_file=@
lt_cv_archive_cmds_need_lc=no
lt_cv_deplibs_check_method=pass_all
lt_cv_file_magic_cmd='$MAGIC_CMD'
lt_cv_file_magic_test_file=
lt_cv_ld_reload_flag=-r
lt_cv_nm_interface='BSD nm'
lt_cv_objdir=.libs
lt_cv_path_LD=/usr/bin/ld
lt_cv_path_LDCXX='/usr/bin/ld -m elf_x86_64'
lt_cv_path_NM='/usr/bin/nm -B'
lt_cv_path_mainfest_tool=no
lt_cv_prog_compiler_c_o=yes
lt_cv_prog_compiler_c_o_CXX=yes
lt_cv_prog_compiler_c_o_F77=yes
lt_cv_prog_compiler_c_o_FC=yes
lt_cv_prog_compiler_pic='-fPIC -DPIC'
lt_cv_prog_compiler_pic_CXX='-fPIC -DPIC'
lt_cv_prog_compiler_pic_F77=-fPIC
lt_cv_prog_compiler_pic_FC=-fPIC
lt_cv_prog_compiler_pic_works=yes
lt_cv_prog_compiler_pic_works_CXX=yes
lt_cv_prog_compiler_pic_works_F77=yes
lt_cv_prog_compiler_pic_works_FC=yes
lt_cv_prog_compiler_rtti_exceptions=no
lt_cv_prog_compiler_static_works=no
lt_cv_prog_compiler_static_works_CXX=no
lt_cv_prog_compiler_static_works_F77=no
lt_cv_prog_compiler_static_works_FC=no
lt_cv_prog_gnu_ld=yes
lt_cv_prog_gnu_ldcxx=yes
lt_cv_sharedlib_from_linklib_cmd='printf %s\n'
lt_cv_shlibpath_overrides_runpath=no
lt_cv_sys_global_symbol_pipe='sed -n -e '\''s/^.*[	 ]\([ABCDGIRSTW][ABCDGIRSTW]*\)[	 ][	 ]*\([_A-Za-z][_A-Za-z0-9]*\)$/\1 \2 \2/p'\'' | sed '\''/ __gnu_lto/d'\'''
lt_cv_sys_global_symbol_to_c_name_address='sed -n -e '\''s/^: \([^ ]*\)[ ]*$/  {\"\1\", (void *) 0},/p'\'' -e '\''s/^[ABCDGIRSTW]* \([^ ]*\) \([^ ]*\)$/  {"\2", (void *) \&\2},/p'\'''
lt_cv_sys_global_symbol_to_c_name_address_lib_prefix='sed -n -e '\''s/^: \([^ ]*\)[ ]*$/  {\"\1\", (void *) 0},/p'\'' -e '\''s/^[ABCDGIRSTW]* \([^ ]*\) \(lib[^ ]*\)$/  {"\2", (void *) \&\2},/p'\'' -e '\''s/^[ABCDGIRSTW]* \([^ ]*\) \([^ ]*\)$/  {"lib\2", (void *) \&\2},/p'\'''
lt_cv_sys_global_symbol_to_cdecl='sed -n -e '\''s/^T .* \(.*\)$/extern int \1();/p'\'' -e '\''s/^[ABCDGIRSTW]* .* \(.*\)$/extern char \1;/p'\'''
lt_cv_sys_max_cmd_len=1572864
lt_cv_to_host_file_cmd=func_convert_file_noop
lt_cv_to_tool_file_cmd=func_convert_file_noop
swin_cv_cfitsio_found=
swin_cv_cfitsio_include_dir=/home/kliu/Soft/include/
swin_cv_fftw3_found=
swin_cv_fftw3_include_dir=

## ----------------- ##
## Output variables. ##
## ----------------- ##

ACLOCAL='${SHELL} /home/kliu/Soft/psrcov/config/missing aclocal-1.13'
AMDEPBACKSLASH='\'
AMDEP_FALSE='#'
AMDEP_TRUE=''
AMTAR='$${TAR-tar}'
AM_BACKSLASH='\'
AM_DEFAULT_V='$(AM_DEFAULT_VERBOSITY)'
AM_DEFAULT_VERBOSITY='1'
AM_V='$(V)'
AR='ar'
AUTOCONF='${SHELL} /home/kliu/Soft/psrcov/config/missing autoconf'
AUTOHEADER='${SHELL} /home/kliu/Soft/psrcov/config/missing autoheader'
AUTOMAKE='${SHELL} /home/kliu/Soft/psrcov/config/missing automake-1.13'
AWK='gawk'
CC='gcc'
CCDEPMODE='depmode=gcc3'
CFITSIO_CFLAGS='-I/home/kliu/Soft/include/'
CFITSIO_LIBS='-L/home/kliu/Soft/lib -lcfitsio -lpthread -lm '
CFLAGS='-g -O2'
CPP='gcc -E'
CPPFLAGS=''
CXX='g++'
CXXCPP='g++ -E'
CXXDEPMODE='depmode=gcc3'
CXXFLAGS='-g -O2'
CYGPATH_W='echo'
DEFS='-DHAVE_CONFIG_H'
DEPDIR='.deps'
DLLTOOL='false'
DSYMUTIL=''
DUMPBIN=''
ECHO_C=''
ECHO_N='-n'
ECHO_T=''
EGREP='/usr/bin/grep -E'
EXEEXT=''
F77='gfortran'
FC='gfortran'
FCFLAGS='-g -O2'
FFLAGS='-g -O2'
FFTW_CFLAGS=' '
FFTW_LIBS='-lfftw3f '
FGREP='/usr/bin/grep -F'
GREP='/usr/bin/grep'
HAVE_CFITSIO_FALSE='#'
HAVE_CFITSIO_TRUE=''
HAVE_FFTW3_FALSE='#'
HAVE_FFTW3_TRUE=''
INSTALL_DATA='${INSTALL} -m 644'
INSTALL_PROGRAM='${INSTALL}'
INSTALL_SCRIPT='${INSTALL}'
INSTALL_STRIP_PROGRAM='$(install_sh) -c -s'
LD='/usr/bin/ld -m elf_x86_64'
LDFLAGS=''
LIBOBJS=''
LIBS='-lm '
LIBTOOL='$(SHELL) $(top_builddir)/libtool'
LIPO=''
LN_S='ln -s'
LTLIBOBJS=''
MAKEINFO='${SHELL} /home/kliu/Soft/psrcov/config/missing makeinfo'
MANIFEST_TOOL=':'
MKDIR_P='/usr/bin/mkdir -p'
NM='/usr/bin/nm -B'
NMEDIT=''
OBJDUMP='objdump'
OBJEXT='o'
OTOOL64=''
OTOOL=''
PACKAGE='vdif2psrfits'
PACKAGE_BUGREPORT='kliu@mpifr-bonn.mpg.de'
PACKAGE_NAME='VDIF2psrfits'
PACKAGE_STRING='VDIF2psrfits 1.0'
PACKAGE_TARNAME='vdif2psrfits'
PACKAGE_URL=''
PACKAGE_VERSION='1.0'
PATH_SEPARATOR=':'
RANLIB='ranlib'
SED='/usr/bin/sed'
SET_MAKE=''
SHELL='/bin/sh'
SOCKET_LIBS=''
STRIP='strip'
VERSION='1.0'
ac_ct_AR='ar'
ac_ct_CC='gcc'
ac_ct_CXX='g++'
ac_ct_DUMPBIN=''
ac_ct_F77='gfortran'
ac_ct_FC='gfortran'
am__EXEEXT_FALSE=''
am__EXEEXT_TRUE='#'
am__fastdepCC_FALSE='#'
am__fastdepCC_TRUE=''
am__fastdepCXX_FALSE='#'
am__fastdepCXX_TRUE=''
am__include='include'
am__isrc=''
am__leading_dot='.'
am__nodep='_no'
am__quote=''
am__tar='$${TAR-tar} chof - "$$tardir"'
am__untar='$${TAR-tar} xf -'
bindir='${exec_prefix}/bin'
build='x86_64-unknown-linux-gnu'
build_alias=''
build_cpu='x86_64'
build_os='linux-gnu'
build_vendor='unknown'
datadir='${datarootdir}'
datarootdir='${prefix}/share'
docdir='${datarootdir}/doc/${PACKAGE_TARNAME}'
dvidir='${docdir}'
exec_prefix='${prefix}'
host='x86_64-unknown-linux-gnu'
host_alias=''
host_cpu='x86_64'
host_os='linux-gnu'
host_vendor='unknown'
htmldir='${docdir}'
includedir='${prefix}/include'
infodir='${datarootdir}/info'
install_sh='${SHELL} /home/kliu/Soft/psrcov/config/install-sh'
libdir='${exec_prefix}/lib'
libexecdir='${exec_prefix}/libexec'
localedir='${datarootdir}/locale'
localstatedir='${prefix}/var'
mandir='${datarootdir}/man'
mkdir_p='$(MKDIR_P)'
oldincludedir='/usr/include'
pdfdir='${docdir}'
prefix='/usr/local'
program_transform_name='s,x,x,'
psdir='${docdir}'
sbindir='${exec_prefix}/sbin'
sharedstatedir='${prefix}/com'
sysconfdir='${prefix}/etc'
target_alias=''

## ----------- ##
## confdefs.h. ##
## ----------- ##

/* confdefs.h */
#define PACKAGE_NAME "VDIF2psrfits"
#define PACKAGE_TARNAME "vdif2psrfits"
#define PACKAGE_VERSION "1.0"
#define PACKAGE_STRING "VDIF2psrfits 1.0"
#define PACKAGE_BUGREPORT "kliu@mpifr-bonn.mpg.de"
#define PACKAGE_URL ""
#define PACKAGE "vdif2psrfits"
#define VERSION "1.0"
#define STDC_HEADERS 1
#define HAVE_SYS_TYPES_H 1
#define HAVE_SYS_STAT_H 1
#define HAVE_STDLIB_H 1
#define HAVE_STRING_H 1
#define HAVE_MEMORY_H 1
#define HAVE_STRINGS_H 1
#define HAVE_INTTYPES_H 1
#define HAVE_STDINT_H 1
#define HAVE_UNISTD_H 1
#define HAVE_DLFCN_H 1
#define LT_OBJDIR ".libs/"
#define HAVE_LIBM 1
#define HAVE_FFTW3 1
#define HAVE_CFITSIO 1

configure: exit 0
